Using pre-set license

 COMMAND LINE ARGUMENTS:
/Applications/Unity/Unity.app/Contents/MacOS/Unity
-adb2
-batchMode
-noUpm
-name
AssetImportWorker0
-projectPath
/Users/gimsuyeon/Documents/GitHub/gamedeveloping
-logFile
Logs/AssetImportWorker0.log
-srvPort
62571
Successfully changed project path to: /Users/gimsuyeon/Documents/GitHub/gamedeveloping
/Users/gimsuyeon/Documents/GitHub/gamedeveloping
Using Asset Import Pipeline V2.
Refreshing native plugins compatible for Editor in 459.50 ms, found 1 plugins.
Preloading 0 native plugins for Editor in 0.00 ms.
Initialize engine version: 2021.1.0f1 (61a549675243)
[Subsystems] Discovering subsystems at path /Applications/Unity/Unity.app/Contents/Resources/UnitySubsystems
[Subsystems] Discovering subsystems at path /Users/gimsuyeon/Documents/GitHub/gamedeveloping/Assets
GfxDevice: creating device client; threaded=0; jobified=0
2021-07-17 13:06:14.054 Unity[92159:2298032] (null) preferred device: Apple M1 (high power)
2021-07-17 13:06:14.054 Unity[92159:2298032] Metal devices available: 1
2021-07-17 13:06:14.055 Unity[92159:2298032] 0: Apple M1 (high power)
2021-07-17 13:06:14.055 Unity[92159:2298032] Using device Apple M1 (high power)
Initializing Metal device caps: Apple M1
Initialize mono
Mono path[0] = '/Applications/Unity/Unity.app/Contents/Managed'
Mono path[1] = '/Applications/Unity/Unity.app/Contents/MonoBleedingEdge/lib/mono/unityjit'
Mono config path = '/Applications/Unity/Unity.app/Contents/MonoBleedingEdge/etc'
Using monoOptions --debugger-agent=transport=dt_socket,embedding=1,server=y,suspend=n,address=127.0.0.1:56159
Begin MonoManager ReloadAssembly
Registering precompiled unity dll's ...
Register platform support module: /Applications/Unity/Unity.app/Contents/PlaybackEngines/MacStandaloneSupport/UnityEditor.OSXStandalone.Extensions.dll
Registered in 0.002342 seconds.
Native extension for OSXStandalone target not found
Refreshing native plugins compatible for Editor in 423.42 ms, found 1 plugins.
Preloading 0 native plugins for Editor in 0.00 ms.
Mono: successfully reloaded assembly
- Completed reload, in 13.556 seconds
Platform modules already initialized, skipping
Registering precompiled user dll's ...
Registered in 0.009776 seconds.
Begin MonoManager ReloadAssembly
Native extension for OSXStandalone target not found
Refreshing native plugins compatible for Editor in 1.60 ms, found 1 plugins.
Preloading 0 native plugins for Editor in 0.00 ms.
Mono: successfully reloaded assembly
- Completed reload, in  9.814 seconds
Platform modules already initialized, skipping
========================================================================
Worker process is ready to serve import requests
Launching external process: /Applications/Unity/Unity.app/Contents/Tools/UnityShaderCompiler
Launched and connected shader compiler UnityShaderCompiler after 0.18 seconds
Refreshing native plugins compatible for Editor in 1.17 ms, found 1 plugins.
Preloading 0 native plugins for Editor in 0.00 ms.
Unloading 2736 Unused Serialized files (Serialized files now loaded: 0)
System memory in use before: 168.0 MB.
System memory in use after: 168.3 MB.

Unloading 14 unused Assets to reduce memory usage. Loaded Objects now: 3192.
Total: 5.718666 ms (FindLiveObjects: 0.432083 ms CreateObjectMapping: 0.209667 ms MarkObjects: 4.922042 ms  DeleteObjects: 0.150916 ms)

========================================================================
Received Import Request.
  path: Assets/Scenes/ch12/12-1.unity
  artifactKey: Guid(f1ae5a9f8f17043adbe8cd6c05068144) Importer(815301076,1909f56bfc062723c751e8b465ee728b)
Start importing Assets/Scenes/ch12/12-1.unity using Guid(f1ae5a9f8f17043adbe8cd6c05068144) Importer(815301076,1909f56bfc062723c751e8b465ee728b)  -> (artifact id: 'e3ebe8f78e5ae456ef6fc6e207a455ab') in 0.061810 seconds 
