Using pre-set license

 COMMAND LINE ARGUMENTS:
/Applications/Unity/Unity.app/Contents/MacOS/Unity
-adb2
-batchMode
-noUpm
-name
AssetImportWorker1
-projectPath
/Users/gimsuyeon/Documents/GitHub/gamedeveloping
-logFile
Logs/AssetImportWorker1.log
-srvPort
58211
Successfully changed project path to: /Users/gimsuyeon/Documents/GitHub/gamedeveloping
/Users/gimsuyeon/Documents/GitHub/gamedeveloping
Using Asset Import Pipeline V2.
Refreshing native plugins compatible for Editor in 72.06 ms, found 1 plugins.
Preloading 0 native plugins for Editor in 0.00 ms.
Initialize engine version: 2021.1.0f1 (61a549675243)
[Subsystems] Discovering subsystems at path /Applications/Unity/Unity.app/Contents/Resources/UnitySubsystems
[Subsystems] Discovering subsystems at path /Users/gimsuyeon/Documents/GitHub/gamedeveloping/Assets
GfxDevice: creating device client; threaded=0; jobified=0
2021-05-30 20:18:08.707 Unity[87390:5289340] (null) preferred device: Apple M1 (high power)
2021-05-30 20:18:08.707 Unity[87390:5289340] Metal devices available: 1
2021-05-30 20:18:08.707 Unity[87390:5289340] 0: Apple M1 (high power)
2021-05-30 20:18:08.708 Unity[87390:5289340] Using device Apple M1 (high power)
Initializing Metal device caps: Apple M1
Initialize mono
Mono path[0] = '/Applications/Unity/Unity.app/Contents/Managed'
Mono path[1] = '/Applications/Unity/Unity.app/Contents/MonoBleedingEdge/lib/mono/unityjit'
Mono config path = '/Applications/Unity/Unity.app/Contents/MonoBleedingEdge/etc'
Using monoOptions --debugger-agent=transport=dt_socket,embedding=1,server=y,suspend=n,address=127.0.0.1:56390
Begin MonoManager ReloadAssembly
Registering precompiled unity dll's ...
Register platform support module: /Applications/Unity/Unity.app/Contents/PlaybackEngines/MacStandaloneSupport/UnityEditor.OSXStandalone.Extensions.dll
Registered in 0.001100 seconds.
Native extension for OSXStandalone target not found
Refreshing native plugins compatible for Editor in 81.13 ms, found 1 plugins.
Preloading 0 native plugins for Editor in 0.00 ms.
Mono: successfully reloaded assembly
- Completed reload, in  3.023 seconds
Platform modules already initialized, skipping
Registering precompiled user dll's ...
Registered in 0.003012 seconds.
Begin MonoManager ReloadAssembly
Native extension for OSXStandalone target not found
Refreshing native plugins compatible for Editor in 0.41 ms, found 1 plugins.
Preloading 0 native plugins for Editor in 0.00 ms.
Mono: successfully reloaded assembly
- Completed reload, in  1.963 seconds
Platform modules already initialized, skipping
========================================================================
Worker process is ready to serve import requests
Launching external process: /Applications/Unity/Unity.app/Contents/Tools/UnityShaderCompiler
Launched and connected shader compiler UnityShaderCompiler after 0.46 seconds
Refreshing native plugins compatible for Editor in 0.62 ms, found 1 plugins.
Preloading 0 native plugins for Editor in 0.00 ms.
Unloading 2700 Unused Serialized files (Serialized files now loaded: 0)
System memory in use before: 167.2 MB.
System memory in use after: 167.4 MB.

Unloading 14 unused Assets to reduce memory usage. Loaded Objects now: 3157.
Total: 2.153458 ms (FindLiveObjects: 0.278375 ms CreateObjectMapping: 0.066125 ms MarkObjects: 1.723500 ms  DeleteObjects: 0.083916 ms)

========================================================================
Received Import Request.
  path: Assets/Scenes/ch7/7-1.unity
  artifactKey: Guid(d88bd024fa33d4aeca4f255b97f3f1eb) Importer(815301076,1909f56bfc062723c751e8b465ee728b)
Start importing Assets/Scenes/ch7/7-1.unity using Guid(d88bd024fa33d4aeca4f255b97f3f1eb) Importer(815301076,1909f56bfc062723c751e8b465ee728b)  -> (artifact id: 'e65b01815376981e0bbabf63dbf303bf') in 0.033291 seconds 
========================================================================
Received Import Request.
  Time since last request: 34.605991 seconds.
  path: Assets/Scenes/ch7
  artifactKey: Guid(b2632cd5addfa457489918d50bfb72c6) Importer(815301076,1909f56bfc062723c751e8b465ee728b)
Start importing Assets/Scenes/ch7 using Guid(b2632cd5addfa457489918d50bfb72c6) Importer(815301076,1909f56bfc062723c751e8b465ee728b)  -> (artifact id: '87b4b59b3b5bf21952a7c6c7bfae0fdf') in 0.001673 seconds 
========================================================================
Received Import Request.
  Time since last request: 4.798381 seconds.
  path: Assets/Scenes/ch7/7-5.unity
  artifactKey: Guid(85a5d60881dc54756b3eaf1d03ee9282) Importer(815301076,1909f56bfc062723c751e8b465ee728b)
Start importing Assets/Scenes/ch7/7-5.unity using Guid(85a5d60881dc54756b3eaf1d03ee9282) Importer(815301076,1909f56bfc062723c751e8b465ee728b)  -> (artifact id: '2fb9e509b486bd5fbaa0b8eab5fe37bb') in 0.001956 seconds 
========================================================================
Received Import Request.
  Time since last request: 12.526910 seconds.
  path: Assets/Scenes/ch3/3-2.unity
  artifactKey: Guid(2d4034a9c5a3940eeb73df7bd6c8a80a) Importer(815301076,1909f56bfc062723c751e8b465ee728b)
Start importing Assets/Scenes/ch3/3-2.unity using Guid(2d4034a9c5a3940eeb73df7bd6c8a80a) Importer(815301076,1909f56bfc062723c751e8b465ee728b)  -> (artifact id: '69d7d8c782e30bbbf52d8cc645c43f28') in 0.010759 seconds 
========================================================================
Received Import Request.
  Time since last request: 31.358537 seconds.
  path: Assets/Script/chapter7
  artifactKey: Guid(2078c012858df4f108a0c60c01d417c6) Importer(815301076,1909f56bfc062723c751e8b465ee728b)
Start importing Assets/Script/chapter7 using Guid(2078c012858df4f108a0c60c01d417c6) Importer(815301076,1909f56bfc062723c751e8b465ee728b)  -> (artifact id: 'b9638a49b84fb7aa42cebf32def683f3') in 0.003219 seconds 
========================================================================
Received Import Request.
  Time since last request: 11.966743 seconds.
  path: Assets/Script/chapter7/text7_5.cs
  artifactKey: Guid(8debe87844bfd45b8b486c8c55c66f98) Importer(815301076,1909f56bfc062723c751e8b465ee728b)
Start importing Assets/Script/chapter7/text7_5.cs using Guid(8debe87844bfd45b8b486c8c55c66f98) Importer(815301076,1909f56bfc062723c751e8b465ee728b)  -> (artifact id: 'bf6b7133563ffb8b39c6723be9681be4') in 0.296560 seconds 
========================================================================
Received Import Request.
  Time since last request: 1781.617197 seconds.
  path: Assets/Script/chapter7/text7_5.cs
  artifactKey: Guid(8debe87844bfd45b8b486c8c55c66f98) Importer(815301076,1909f56bfc062723c751e8b465ee728b)
Start importing Assets/Script/chapter7/text7_5.cs using Guid(8debe87844bfd45b8b486c8c55c66f98) Importer(815301076,1909f56bfc062723c751e8b465ee728b)  -> (artifact id: '96900da192da6b277ae14833878d0a80') in 0.027721 seconds 
========================================================================
Received Import Request.
  Time since last request: 102.982547 seconds.
  path: Assets/Script/chapter7/text7_5.cs
  artifactKey: Guid(8debe87844bfd45b8b486c8c55c66f98) Importer(815301076,1909f56bfc062723c751e8b465ee728b)
Start importing Assets/Script/chapter7/text7_5.cs using Guid(8debe87844bfd45b8b486c8c55c66f98) Importer(815301076,1909f56bfc062723c751e8b465ee728b)  -> (artifact id: '0e5ad5c3715017861c13110c23495e7f') in 0.005286 seconds 
========================================================================
Received Import Request.
  Time since last request: 931.770215 seconds.
  path: Assets/text_7_5.cs
  artifactKey: Guid(c6a48dfa876a74c62a1b94f7aa80bcfc) Importer(815301076,1909f56bfc062723c751e8b465ee728b)
Start importing Assets/text_7_5.cs using Guid(c6a48dfa876a74c62a1b94f7aa80bcfc) Importer(815301076,1909f56bfc062723c751e8b465ee728b)  -> (artifact id: 'dd4b8f94a3431de32b038418e02146af') in 0.015493 seconds 
========================================================================
Received Import Request.
  Time since last request: 31.996865 seconds.
  path: Assets/Scenes/ch8
  artifactKey: Guid(9431d871537894991ab8870ee9a75c8a) Importer(815301076,1909f56bfc062723c751e8b465ee728b)
Start importing Assets/Scenes/ch8 using Guid(9431d871537894991ab8870ee9a75c8a) Importer(815301076,1909f56bfc062723c751e8b465ee728b)  -> (artifact id: '9b989cd40d650adda746b2d7ec0c8eef') in 0.006798 seconds 
========================================================================
Received Import Request.
  Time since last request: 8.205686 seconds.
  path: Assets/Scenes/ch8/8-1.unity
  artifactKey: Guid(b02d1de1c69984deaa7716b756062541) Importer(815301076,1909f56bfc062723c751e8b465ee728b)
Start importing Assets/Scenes/ch8/8-1.unity using Guid(b02d1de1c69984deaa7716b756062541) Importer(815301076,1909f56bfc062723c751e8b465ee728b)  -> (artifact id: '73edd736056649065d2792ab75ffdb29') in 0.016450 seconds 
========================================================================
Received Import Request.
  Time since last request: 24.545522 seconds.
  path: Assets/Script/chapter8
  artifactKey: Guid(26b0e521d08d3478cbda828c134a29ca) Importer(815301076,1909f56bfc062723c751e8b465ee728b)
Start importing Assets/Script/chapter8 using Guid(26b0e521d08d3478cbda828c134a29ca) Importer(815301076,1909f56bfc062723c751e8b465ee728b)  -> (artifact id: '905787288f1e1afa0dfec82e6dd027c9') in 0.002141 seconds 
========================================================================
Received Import Request.
  Time since last request: 15.517726 seconds.
  path: Assets/Script/chapter8/text_8_1.cs
  artifactKey: Guid(da00f7f4b04cc45139ae50a71490acfe) Importer(815301076,1909f56bfc062723c751e8b465ee728b)
Start importing Assets/Script/chapter8/text_8_1.cs using Guid(da00f7f4b04cc45139ae50a71490acfe) Importer(815301076,1909f56bfc062723c751e8b465ee728b)  -> (artifact id: '6031c1823fe8f88f24740de4fa9a6fdd') in 0.003776 seconds 
========================================================================
Received Import Request.
  Time since last request: 181.555148 seconds.
  path: Assets/image/#3-B 작업실 조사.png
  artifactKey: Guid(22b84976ef08b44788f0a35141ca2063) Importer(815301076,1909f56bfc062723c751e8b465ee728b)
Start importing Assets/image/#3-B 작업실 조사.png using Guid(22b84976ef08b44788f0a35141ca2063) Importer(815301076,1909f56bfc062723c751e8b465ee728b)  -> (artifact id: '7f770b8b28952159165e7aa04cf1fc4b') in 0.976946 seconds 
========================================================================
Received Import Request.
  Time since last request: 0.000290 seconds.
  path: Assets/image/#3-B(작업실 조사 후) 베란다 커튼+밧줄.png
  artifactKey: Guid(7864c274ee2fc4e5985d32b920f71067) Importer(815301076,1909f56bfc062723c751e8b465ee728b)
Start importing Assets/image/#3-B(작업실 조사 후) 베란다 커튼+밧줄.png using Guid(7864c274ee2fc4e5985d32b920f71067) Importer(815301076,1909f56bfc062723c751e8b465ee728b)  -> (artifact id: '522ed2046dac5970a470165a1392ed78') in 0.022534 seconds 
========================================================================
Received Import Request.
  Time since last request: 0.000344 seconds.
  path: Assets/image/#3-B(작업실 조사 후) 베란다 암막커튼 획득.png
  artifactKey: Guid(6e7d66691fd8d422fb765fbc03cc79b4) Importer(815301076,1909f56bfc062723c751e8b465ee728b)
Start importing Assets/image/#3-B(작업실 조사 후) 베란다 암막커튼 획득.png using Guid(6e7d66691fd8d422fb765fbc03cc79b4) Importer(815301076,1909f56bfc062723c751e8b465ee728b)  -> (artifact id: 'e4c4490d3f41f7337e8d0b0106648453') in 0.013433 seconds 
========================================================================
Received Import Request.
  Time since last request: 0.000340 seconds.
  path: Assets/image/#3-B(작업실 조사 후) 베란다 커튼.png
  artifactKey: Guid(3f54e229a2f9f46cb8a26fe810d6cda0) Importer(815301076,1909f56bfc062723c751e8b465ee728b)
Start importing Assets/image/#3-B(작업실 조사 후) 베란다 커튼.png using Guid(3f54e229a2f9f46cb8a26fe810d6cda0) Importer(815301076,1909f56bfc062723c751e8b465ee728b)  -> (artifact id: 'b87cf5692d0b213072eb87387d6ab1e6') in 0.009221 seconds 
========================================================================
Received Import Request.
  Time since last request: 0.000227 seconds.
  path: Assets/image/#3-B(작업실 조사 후)-B 1층 베란다로 내려가기.png
  artifactKey: Guid(a50980f346f3b42618a61ac613993414) Importer(815301076,1909f56bfc062723c751e8b465ee728b)
Start importing Assets/image/#3-B(작업실 조사 후)-B 1층 베란다로 내려가기.png using Guid(a50980f346f3b42618a61ac613993414) Importer(815301076,1909f56bfc062723c751e8b465ee728b)  -> (artifact id: '76f141e437ce5498957ff5cb28f213ba') in 0.012833 seconds 
========================================================================
Received Import Request.
  Time since last request: 1762.878695 seconds.
  path: Assets/Script/chapter8/New Scene.unity
  artifactKey: Guid(f58d25008df1d4cde893d9f7f1f1e193) Importer(815301076,1909f56bfc062723c751e8b465ee728b)
Start importing Assets/Script/chapter8/New Scene.unity using Guid(f58d25008df1d4cde893d9f7f1f1e193) Importer(815301076,1909f56bfc062723c751e8b465ee728b)  -> (artifact id: '9c0ebf370f8799d80e584f8a3f04cc09') in 0.020208 seconds 
========================================================================
Received Import Request.
  Time since last request: 23.410375 seconds.
  path: Assets/Scenes/ch8/8-1-1.unity
  artifactKey: Guid(ba4e3dc74c07c488a86bcdb755a79a51) Importer(815301076,1909f56bfc062723c751e8b465ee728b)
Start importing Assets/Scenes/ch8/8-1-1.unity using Guid(ba4e3dc74c07c488a86bcdb755a79a51) Importer(815301076,1909f56bfc062723c751e8b465ee728b)  -> (artifact id: '63f3d498b8c0f50b55bf24e94b96ea97') in 0.002229 seconds 
========================================================================
Received Import Request.
  Time since last request: 8.284397 seconds.
  path: Assets/Scenes/ch8/8-1-2.unity
  artifactKey: Guid(e9c56c9d6bdf7452cbc6b3ad0a6d8abc) Importer(815301076,1909f56bfc062723c751e8b465ee728b)
Start importing Assets/Scenes/ch8/8-1-2.unity using Guid(e9c56c9d6bdf7452cbc6b3ad0a6d8abc) Importer(815301076,1909f56bfc062723c751e8b465ee728b)  -> (artifact id: 'bbb347a03b04d4d8f73a24a780d47360') in 0.003083 seconds 
========================================================================
Received Prepare
Registering precompiled user dll's ...
Registered in 0.002052 seconds.
Begin MonoManager ReloadAssembly
Native extension for OSXStandalone target not found
Refreshing native plugins compatible for Editor in 0.43 ms, found 1 plugins.
Preloading 0 native plugins for Editor in 0.00 ms.
Mono: successfully reloaded assembly
- Completed reload, in  2.255 seconds
Platform modules already initialized, skipping
Refreshing native plugins compatible for Editor in 0.39 ms, found 1 plugins.
Preloading 0 native plugins for Editor in 0.00 ms.
Unloading 2702 Unused Serialized files (Serialized files now loaded: 0)
System memory in use before: 205.6 MB.
System memory in use after: 205.8 MB.

Unloading 9 unused Assets to reduce memory usage. Loaded Objects now: 3240.
Total: 1.814667 ms (FindLiveObjects: 0.598167 ms CreateObjectMapping: 0.055041 ms MarkObjects: 1.141417 ms  DeleteObjects: 0.019375 ms)

========================================================================
Received Prepare
Registering precompiled user dll's ...
Registered in 0.001201 seconds.
Begin MonoManager ReloadAssembly
Native extension for OSXStandalone target not found
Refreshing native plugins compatible for Editor in 0.43 ms, found 1 plugins.
Preloading 0 native plugins for Editor in 0.00 ms.
Mono: successfully reloaded assembly
- Completed reload, in  2.333 seconds
Platform modules already initialized, skipping
Refreshing native plugins compatible for Editor in 0.45 ms, found 1 plugins.
Preloading 0 native plugins for Editor in 0.00 ms.
Unloading 2697 Unused Serialized files (Serialized files now loaded: 0)
System memory in use before: 205.7 MB.
System memory in use after: 205.9 MB.

Unloading 9 unused Assets to reduce memory usage. Loaded Objects now: 3243.
Total: 2.130292 ms (FindLiveObjects: 0.170667 ms CreateObjectMapping: 0.057625 ms MarkObjects: 1.888250 ms  DeleteObjects: 0.013208 ms)

========================================================================
Received Prepare
Registering precompiled user dll's ...
Registered in 0.003044 seconds.
Begin MonoManager ReloadAssembly
Native extension for OSXStandalone target not found
Refreshing native plugins compatible for Editor in 0.41 ms, found 1 plugins.
Preloading 0 native plugins for Editor in 0.00 ms.
Mono: successfully reloaded assembly
- Completed reload, in  2.523 seconds
Platform modules already initialized, skipping
Refreshing native plugins compatible for Editor in 0.58 ms, found 1 plugins.
Preloading 0 native plugins for Editor in 0.00 ms.
Unloading 2697 Unused Serialized files (Serialized files now loaded: 0)
System memory in use before: 205.9 MB.
System memory in use after: 206.2 MB.

Unloading 9 unused Assets to reduce memory usage. Loaded Objects now: 3246.
Total: 2.118833 ms (FindLiveObjects: 0.180208 ms CreateObjectMapping: 0.060083 ms MarkObjects: 1.566292 ms  DeleteObjects: 0.311500 ms)

